build/outputs/logs/manifest-merger-debug-report.txt
-- Merging decision tree log ---
manifest
ADDED from AndroidManifest.xml:2:1
	package
		ADDED from AndroidManifest.xml:2:70
	xmlns:android
		ADDED from AndroidManifest.xml:2:11
application
ADDED from AndroidManifest.xml:3:4
	android:label
		ADDED from AndroidManifest.xml:3:17
activity#org.hello.HelloActivity
ADDED from AndroidManifest.xml:4:7
	android:label
		ADDED from AndroidManifest.xml:4:47
	android:name
		ADDED from AndroidManifest.xml:4:17
intent-filter#android.intent.action.MAIN+android.intent.category.LAUNCHER
ADDED from AndroidManifest.xml:5:10
action#android.intent.action.MAIN
ADDED from AndroidManifest.xml:6:13
	android:name
		ADDED from AndroidManifest.xml:6:21
category#android.intent.category.LAUNCHER
ADDED from AndroidManifest.xml:7:13
	android:name
		ADDED from AndroidManifest.xml:7:23